Reset Component Physical Designator: Old Designator=C8_ACDC New Designator=C8
Reset Component Physical Designator: Old Designator=CDD_ACDC New Designator=CDD
Reset Component Physical Designator: Old Designator=CIN2_ACDC New Designator=CIN2
Reset Component Physical Designator: Old Designator=CIN_ACDC New Designator=CIN
Reset Component Physical Designator: Old Designator=CIN_DCDC New Designator=CIN
Reset Component Physical Designator: Old Designator=COUT_ACDC New Designator=COUT
Reset Component Physical Designator: Old Designator=COUT_DCDC New Designator=COUT
Reset Component Physical Designator: Old Designator=CSN_ACDC New Designator=CSN
Reset Component Physical Designator: Old Designator=D1_DCDC New Designator=D1
Reset Component Physical Designator: Old Designator=D2_ACDC New Designator=D2
Reset Component Physical Designator: Old Designator=D3_ACDC New Designator=D3
Reset Component Physical Designator: Old Designator=DAC_ACDC New Designator=DAC
Reset Component Physical Designator: Old Designator=DSN_ACDC New Designator=DSN
Reset Component Physical Designator: Old Designator=J1_PowerSupply_top New Designator=J1
Reset Component Physical Designator: Old Designator=J2_PowerSupply_top New Designator=J2
Reset Component Physical Designator: Old Designator=L1_ACDC New Designator=L1
Reset Component Physical Designator: Old Designator=L1_DCDC New Designator=L1
Reset Component Physical Designator: Old Designator=Q1_ACDC New Designator=Q1
Reset Component Physical Designator: Old Designator=R1_DCDC New Designator=R1
Reset Component Physical Designator: Old Designator=R2A_DCDC New Designator=R2A
Reset Component Physical Designator: Old Designator=R2B_DCDC New Designator=R2B
Reset Component Physical Designator: Old Designator=RBLD_ACDC New Designator=RBLD
Reset Component Physical Designator: Old Designator=RCS_ACDC New Designator=RCS
Reset Component Physical Designator: Old Designator=RDD_ACDC New Designator=RDD
Reset Component Physical Designator: Old Designator=RFBB_ACDC New Designator=RFBB
Reset Component Physical Designator: Old Designator=RFBBx_ACDC New Designator=RFBBx
Reset Component Physical Designator: Old Designator=RFBT_ACDC New Designator=RFBT
Reset Component Physical Designator: Old Designator=RG1_ACDC New Designator=RG1
Reset Component Physical Designator: Old Designator=RG2_ACDC New Designator=RG2
Reset Component Physical Designator: Old Designator=RI_ACDC New Designator=RI
Reset Component Physical Designator: Old Designator=RLC_ACDC New Designator=RLC
Reset Component Physical Designator: Old Designator=RSN2_ACDC New Designator=RSN2
Reset Component Physical Designator: Old Designator=RSN_ACDC New Designator=RSN
Reset Component Physical Designator: Old Designator=RT1_ACDC New Designator=RT1
Reset Component Physical Designator: Old Designator=RT2_ACDC New Designator=RT2
Reset Component Physical Designator: Old Designator=RT3_ACDC New Designator=RT3
Reset Component Physical Designator: Old Designator=T1_ACDC New Designator=T1
Reset Component Physical Designator: Old Designator=TP1_PowerSupply_top New Designator=TP1
Reset Component Physical Designator: Old Designator=TP2_PowerSupply_top New Designator=TP2
Reset Component Physical Designator: Old Designator=TP3_PowerSupply_top New Designator=TP3
Reset Component Physical Designator: Old Designator=TP4_PowerSupply_top New Designator=TP4
Reset Component Physical Designator: Old Designator=U1_ACDC New Designator=U1
Reset Component Physical Designator: Old Designator=U1_DCDC New Designator=U1
