Change Component Physical Designator: Old Designator=C8 New Designator=C8_ACDC
Change Component Physical Designator: Old Designator=CDD New Designator=CDD_ACDC
Change Component Physical Designator: Old Designator=CIN2 New Designator=CIN2_ACDC
Change Component Physical Designator: Old Designator=CIN New Designator=CIN_ACDC
Change Component Physical Designator: Old Designator=CIN New Designator=CIN_DCDC
Change Component Physical Designator: Old Designator=COUT New Designator=COUT_ACDC
Change Component Physical Designator: Old Designator=COUT New Designator=COUT_DCDC
Change Component Physical Designator: Old Designator=CSN New Designator=CSN_ACDC
Change Component Physical Designator: Old Designator=D1 New Designator=D1_DCDC
Change Component Physical Designator: Old Designator=D2 New Designator=D2_ACDC
Change Component Physical Designator: Old Designator=D3 New Designator=D3_ACDC
Change Component Physical Designator: Old Designator=DAC New Designator=DAC_ACDC
Change Component Physical Designator: Old Designator=DSN New Designator=DSN_ACDC
Change Component Physical Designator: Old Designator=L1 New Designator=L1_ACDC
Change Component Physical Designator: Old Designator=L1 New Designator=L1_DCDC
Change Component Physical Designator: Old Designator=Q1 New Designator=Q1_ACDC
Change Component Physical Designator: Old Designator=R1 New Designator=R1_DCDC
Change Component Physical Designator: Old Designator=R2A New Designator=R2A_DCDC
Change Component Physical Designator: Old Designator=R2B New Designator=R2B_DCDC
Change Component Physical Designator: Old Designator=RBLD New Designator=RBLD_ACDC
Change Component Physical Designator: Old Designator=RCS New Designator=RCS_ACDC
Change Component Physical Designator: Old Designator=RDD New Designator=RDD_ACDC
Change Component Physical Designator: Old Designator=RFBB New Designator=RFBB_ACDC
Change Component Physical Designator: Old Designator=RFBBx New Designator=RFBBx_ACDC
Change Component Physical Designator: Old Designator=RFBT New Designator=RFBT_ACDC
Change Component Physical Designator: Old Designator=RG1 New Designator=RG1_ACDC
Change Component Physical Designator: Old Designator=RG2 New Designator=RG2_ACDC
Change Component Physical Designator: Old Designator=RI New Designator=RI_ACDC
Change Component Physical Designator: Old Designator=RLC New Designator=RLC_ACDC
Change Component Physical Designator: Old Designator=RSN2 New Designator=RSN2_ACDC
Change Component Physical Designator: Old Designator=RSN New Designator=RSN_ACDC
Change Component Physical Designator: Old Designator=RT1 New Designator=RT1_ACDC
Change Component Physical Designator: Old Designator=RT2 New Designator=RT2_ACDC
Change Component Physical Designator: Old Designator=RT3 New Designator=RT3_ACDC
Change Component Physical Designator: Old Designator=T1 New Designator=T1_ACDC
Change Component Physical Designator: Old Designator=U1 New Designator=U1_ACDC
Change Component Physical Designator: Old Designator=U1 New Designator=U1_DCDC
